<?xml version="1.0" encoding="UTF-8"?>
<testsuite name="com.csv.com.csv.StateCensusAnalyserTest" tests="1" skipped="0" failures="0" errors="0" timestamp="2019-12-04T05:21:56" hostname="admin293-H110M-H" time="0.142">
  <properties/>
  <testcase name="whenIncorrectFileTye_Throws_Exception_in_CSVCensusData" classname="com.csv.com.csv.StateCensusAnalyserTest" time="0.142"/>
  <system-out><![CDATA[]]></system-out>
  <system-err><![CDATA[]]></system-err>
</testsuite>
