<?xml version="1.0" encoding="UTF-8"?>
<testsuite name="com.csv.com.csv.StateCensusAnalyserTest" tests="1" skipped="0" failures="0" errors="0" timestamp="2019-11-29T12:44:18" hostname="admin293-H110M-H" time="0.154">
  <properties/>
  <testcase name="givenNumberOf_Records_Match" classname="com.csv.com.csv.StateCensusAnalyserTest" time="0.154"/>
  <system-out><![CDATA[]]></system-out>
  <system-err><![CDATA[]]></system-err>
</testsuite>
